
# code : 404 # 17-06-30 21:08:57 # Sorry this link does not exist
# code : 404 # 17-06-30 21:08:57 # Sorry this link does not exist
# code : 404 # 17-06-30 21:08:57 # Sorry this link does not exist
# code : 404 # 17-06-30 21:08:57 # Sorry this link does not exist
# code : 404 # 17-06-30 21:08:57 # Sorry this link does not exist
# code : 404 # 17-06-30 21:08:57 # Sorry this link does not exist
# code : 404 # 17-06-30 21:08:57 # Sorry this link does not exist
# code : 404 # 17-06-30 21:08:57 # Sorry this link does not exist
# code : 404 # 17-06-30 21:08:58 # Sorry this link does not exist
# code : 404 # 17-06-30 21:08:58 # Sorry this link does not exist
# code : 404 # 17-06-30 21:08:58 # Sorry this link does not exist
# code : 404 # 17-06-30 21:08:58 # Sorry this link does not exist
# code : 404 # 17-06-30 21:16:46 # Sorry this link does not exist
# code : 404 # 17-06-30 21:16:47 # Sorry this link does not exist
# code : 404 # 17-06-30 21:17:22 # Sorry this link does not exist
# code : 404 # 17-06-30 21:18:14 # Sorry this link does not exist
# code : 404 # 17-06-30 21:18:32 # Sorry this link does not exist
# code : 404 # 17-06-30 21:18:35 # Sorry this link does not exist
# code : 404 # 17-06-30 21:18:36 # Sorry this link does not exist
# code : 404 # 17-06-30 21:18:40 # Sorry this link does not exist
# code : 404 # 17-06-30 21:18:42 # Sorry this link does not exist
# code : 404 # 17-06-30 21:18:43 # Sorry this link does not exist
# code : 404 # 17-06-30 21:18:50 # Sorry this link does not exist
# code : 404 # 17-06-30 21:18:51 # Sorry this link does not exist
# code : 0 # 17-06-30 21:27:55 # Class 'Router' not found
# code : 0 # 17-06-30 21:28:03 # Class 'Router' not found
# code : 0 # 17-06-30 21:28:04 # Class 'Router' not found
# code : 0 # 17-06-30 21:32:21 # Call to undefined function App\Upload\File()
# code : 0 # 17-06-30 21:32:48 # Call to undefined function App\upload\File()
# code : 0 # 17-06-30 21:32:49 # Call to undefined function App\upload\File()
# code : 0 # 17-06-30 21:32:53 # Call to undefined function App\upload\File()
# code : 0 # 17-06-30 21:32:54 # Call to undefined function App\upload\File()
# code : 0 # 17-06-30 21:33:52 # Call to undefined function App\upload\File()
# code : 404 # 17-06-30 21:48:39 # Sorry this link does not exist
# code : 404 # 17-06-30 21:55:13 # Sorry this link does not exist
# code : 404 # 17-06-30 21:55:20 # Sorry this link does not exist
# code : 404 # 17-06-30 21:56:12 # Sorry this link does not exist
# code : 404 # 17-06-30 21:56:29 # Sorry this link does not exist
# code : 404 # 17-06-30 21:56:33 # Sorry this link does not exist
# code : 404 # 17-06-30 21:56:46 # Sorry this link does not exist
# code : 404 # 17-06-30 21:56:57 # Sorry this link does not exist
# code : 404 # 17-06-30 21:57:07 # Sorry this link does not exist
# code : 404 # 17-06-30 21:58:10 # Sorry this link does not exist
# code : 404 # 17-06-30 21:59:21 # Sorry this link does not exist
# code : 404 # 17-06-30 22:00:43 # Sorry this link does not exist
# code : 404 # 17-06-30 22:06:32 # Sorry this link does not exist
# code : 404 # 17-06-30 22:24:12 # Sorry this link does not exist
# code : 404 # 17-06-30 22:26:24 # Sorry this link does not exist
# code : 404 # 17-06-30 22:26:44 # Sorry this link does not exist
# code : 404 # 17-06-30 22:26:44 # Sorry this link does not exist
# code : 404 # 17-06-30 22:26:44 # Sorry this link does not exist
# code : 404 # 17-06-30 22:26:44 # Sorry this link does not exist
# code : 404 # 17-06-30 22:26:44 # Sorry this link does not exist
# code : 404 # 17-06-30 22:26:44 # Sorry this link does not exist
# code : 404 # 17-06-30 22:26:44 # Sorry this link does not exist
# code : 404 # 17-06-30 22:26:44 # Sorry this link does not exist
# code : 404 # 17-06-30 22:26:44 # Sorry this link does not exist
# code : 404 # 17-06-30 22:26:44 # Sorry this link does not exist
# code : 404 # 17-06-30 22:26:44 # Sorry this link does not exist
# code : 404 # 17-06-30 22:26:44 # Sorry this link does not exist
# code : 404 # 17-06-30 22:30:20 # Sorry this link does not exist
# code : 0 # 17-07-01 10:38:52 # Class 'Dotenv\Dotenv' not found
# code : 0 # 17-07-01 10:38:52 # Class 'Dotenv\Dotenv' not found
# code : 0 # 17-07-01 10:38:52 # Class 'Dotenv\Dotenv' not found
# code : 0 # 17-07-01 10:38:52 # Class 'Dotenv\Dotenv' not found
# code : 0 # 17-07-01 10:38:52 # Class 'Dotenv\Dotenv' not found
# code : 0 # 17-07-01 10:38:52 # Class 'Dotenv\Dotenv' not found
# code : 0 # 17-07-01 10:38:52 # Class 'Dotenv\Dotenv' not found
# code : 0 # 17-07-01 10:38:52 # Class 'Dotenv\Dotenv' not found
# code : 0 # 17-07-01 10:38:52 # Class 'Dotenv\Dotenv' not found
# code : 0 # 17-07-01 10:38:52 # Class 'Dotenv\Dotenv' not found
# code : 0 # 17-07-01 10:38:52 # Class 'Dotenv\Dotenv' not found
# code : 0 # 17-07-01 10:38:52 # Class 'Dotenv\Dotenv' not found
# code : 0 # 17-07-01 10:38:52 # Class 'Dotenv\Dotenv' not found
# code : 0 # 17-07-01 10:38:52 # Class 'Dotenv\Dotenv' not found
# code : 0 # 17-07-01 10:38:52 # Class 'Dotenv\Dotenv' not found
# code : 0 # 17-07-01 10:38:52 # Class 'Dotenv\Dotenv' not found
# code : 0 # 17-07-01 10:38:52 # Class 'Dotenv\Dotenv' not found
# code : 0 # 17-07-01 10:58:28 # syntax error, unexpected 'var_dump' (T_STRING)
# code : 0 # 17-07-01 10:58:38 # Argument 1 passed to Models\Model::get() must be of the type array, string given, called in /Users/mohamedamine/Documents/Gits/Uxie/Views/index.php on line 19
# code : 0 # 17-07-01 10:58:40 # Argument 1 passed to Models\Model::get() must be of the type array, string given, called in /Users/mohamedamine/Documents/Gits/Uxie/Views/index.php on line 19
# code : 0 # 17-07-01 10:58:40 # Argument 1 passed to Models\Model::get() must be of the type array, string given, called in /Users/mohamedamine/Documents/Gits/Uxie/Views/index.php on line 19
# code : 0 # 17-07-01 13:12:39 # Dotenv values containing spaces must be surrounded by quotes.
# code : 0 # 17-07-01 13:12:39 # Dotenv values containing spaces must be surrounded by quotes.
# code : 0 # 17-07-01 13:12:39 # Dotenv values containing spaces must be surrounded by quotes.
# code : 0 # 17-07-01 13:12:39 # Dotenv values containing spaces must be surrounded by quotes.
# code : 0 # 17-07-01 13:12:39 # Dotenv values containing spaces must be surrounded by quotes.
# code : 0 # 17-07-01 13:12:39 # Dotenv values containing spaces must be surrounded by quotes.
# code : 0 # 17-07-01 13:12:39 # Dotenv values containing spaces must be surrounded by quotes.
# code : 0 # 17-07-01 13:12:39 # Dotenv values containing spaces must be surrounded by quotes.
# code : 0 # 17-07-01 13:12:39 # Dotenv values containing spaces must be surrounded by quotes.
# code : 0 # 17-07-01 13:12:39 # Dotenv values containing spaces must be surrounded by quotes.
# code : 0 # 17-07-01 13:12:39 # Dotenv values containing spaces must be surrounded by quotes.
# code : 0 # 17-07-01 13:12:39 # Dotenv values containing spaces must be surrounded by quotes.
# code : 0 # 17-07-01 13:12:39 # Dotenv values containing spaces must be surrounded by quotes.
# code : 0 # 17-07-01 13:12:39 # Dotenv values containing spaces must be surrounded by quotes.
# code : 0 # 17-07-01 13:12:39 # Dotenv values containing spaces must be surrounded by quotes.
# code : 0 # 17-07-01 13:12:39 # Dotenv values containing spaces must be surrounded by quotes.
# code : 0 # 17-07-01 13:12:39 # Dotenv values containing spaces must be surrounded by quotes.
# code : 0 # 17-07-01 13:13:57 # Dotenv values containing spaces must be surrounded by quotes.
# code : 0 # 17-07-01 13:13:57 # Dotenv values containing spaces must be surrounded by quotes.
# code : 0 # 17-07-01 13:13:57 # Dotenv values containing spaces must be surrounded by quotes.
# code : 0 # 17-07-01 13:13:57 # Dotenv values containing spaces must be surrounded by quotes.
# code : 0 # 17-07-01 13:13:57 # Dotenv values containing spaces must be surrounded by quotes.
# code : 0 # 17-07-01 13:13:57 # Dotenv values containing spaces must be surrounded by quotes.
# code : 0 # 17-07-01 13:13:57 # Dotenv values containing spaces must be surrounded by quotes.
# code : 0 # 17-07-01 13:13:57 # Dotenv values containing spaces must be surrounded by quotes.
# code : 0 # 17-07-01 13:13:57 # Dotenv values containing spaces must be surrounded by quotes.
# code : 0 # 17-07-01 13:13:57 # Dotenv values containing spaces must be surrounded by quotes.
# code : 0 # 17-07-01 13:13:57 # Dotenv values containing spaces must be surrounded by quotes.
# code : 0 # 17-07-01 13:13:57 # Dotenv values containing spaces must be surrounded by quotes.
# code : 0 # 17-07-01 13:13:57 # Dotenv values containing spaces must be surrounded by quotes.
# code : 0 # 17-07-01 13:13:57 # Dotenv values containing spaces must be surrounded by quotes.
# code : 0 # 17-07-01 13:13:57 # Dotenv values containing spaces must be surrounded by quotes.
# code : 0 # 17-07-01 13:13:57 # Dotenv values containing spaces must be surrounded by quotes.
# code : 0 # 17-07-01 13:13:57 # Dotenv values containing spaces must be surrounded by quotes.
# code : 0 # 17-07-01 13:14:28 # Dotenv values containing spaces must be surrounded by quotes.
# code : 0 # 17-07-01 13:14:28 # Dotenv values containing spaces must be surrounded by quotes.
# code : 0 # 17-07-01 13:14:28 # Dotenv values containing spaces must be surrounded by quotes.
# code : 0 # 17-07-01 13:14:28 # Dotenv values containing spaces must be surrounded by quotes.
# code : 0 # 17-07-01 13:14:28 # Dotenv values containing spaces must be surrounded by quotes.
# code : 0 # 17-07-01 13:14:28 # Dotenv values containing spaces must be surrounded by quotes.
# code : 0 # 17-07-01 13:14:28 # Dotenv values containing spaces must be surrounded by quotes.
# code : 0 # 17-07-01 13:14:28 # Dotenv values containing spaces must be surrounded by quotes.
# code : 0 # 17-07-01 13:14:28 # Dotenv values containing spaces must be surrounded by quotes.
# code : 0 # 17-07-01 13:14:28 # Dotenv values containing spaces must be surrounded by quotes.
# code : 0 # 17-07-01 13:14:28 # Dotenv values containing spaces must be surrounded by quotes.
# code : 0 # 17-07-01 13:14:28 # Dotenv values containing spaces must be surrounded by quotes.
# code : 0 # 17-07-01 13:14:28 # Dotenv values containing spaces must be surrounded by quotes.
# code : 0 # 17-07-01 13:14:28 # Dotenv values containing spaces must be surrounded by quotes.
# code : 0 # 17-07-01 13:14:28 # Dotenv values containing spaces must be surrounded by quotes.
# code : 0 # 17-07-01 13:14:28 # Dotenv values containing spaces must be surrounded by quotes.
# code : 0 # 17-07-01 13:14:28 # Dotenv values containing spaces must be surrounded by quotes.
# code : 0 # 17-07-01 13:14:30 # Dotenv values containing spaces must be surrounded by quotes.
# code : 0 # 17-07-01 13:14:30 # Dotenv values containing spaces must be surrounded by quotes.
# code : 0 # 17-07-01 13:14:30 # Dotenv values containing spaces must be surrounded by quotes.
# code : 0 # 17-07-01 13:14:30 # Dotenv values containing spaces must be surrounded by quotes.
# code : 0 # 17-07-01 13:14:30 # Dotenv values containing spaces must be surrounded by quotes.
# code : 0 # 17-07-01 13:14:30 # Dotenv values containing spaces must be surrounded by quotes.
# code : 0 # 17-07-01 13:14:30 # Dotenv values containing spaces must be surrounded by quotes.
# code : 0 # 17-07-01 13:14:30 # Dotenv values containing spaces must be surrounded by quotes.
# code : 0 # 17-07-01 13:14:30 # Dotenv values containing spaces must be surrounded by quotes.
# code : 0 # 17-07-01 13:14:30 # Dotenv values containing spaces must be surrounded by quotes.
# code : 0 # 17-07-01 13:14:30 # Dotenv values containing spaces must be surrounded by quotes.
# code : 0 # 17-07-01 13:14:30 # Dotenv values containing spaces must be surrounded by quotes.
# code : 0 # 17-07-01 13:14:30 # Dotenv values containing spaces must be surrounded by quotes.
# code : 0 # 17-07-01 13:14:30 # Dotenv values containing spaces must be surrounded by quotes.
# code : 0 # 17-07-01 13:14:30 # Dotenv values containing spaces must be surrounded by quotes.
# code : 0 # 17-07-01 13:14:30 # Dotenv values containing spaces must be surrounded by quotes.
# code : 0 # 17-07-01 13:14:30 # Dotenv values containing spaces must be surrounded by quotes.
# code : 0 # 17-07-01 13:18:08 # Dotenv values containing spaces must be surrounded by quotes.
# code : 0 # 17-07-01 13:18:08 # Dotenv values containing spaces must be surrounded by quotes.
# code : 0 # 17-07-01 13:18:08 # Dotenv values containing spaces must be surrounded by quotes.
# code : 0 # 17-07-01 13:18:08 # Dotenv values containing spaces must be surrounded by quotes.
# code : 0 # 17-07-01 13:18:08 # Dotenv values containing spaces must be surrounded by quotes.
# code : 0 # 17-07-01 13:18:08 # Dotenv values containing spaces must be surrounded by quotes.
# code : 0 # 17-07-01 13:18:08 # Dotenv values containing spaces must be surrounded by quotes.
# code : 0 # 17-07-01 13:18:08 # Dotenv values containing spaces must be surrounded by quotes.
# code : 0 # 17-07-01 13:18:08 # Dotenv values containing spaces must be surrounded by quotes.
# code : 0 # 17-07-01 13:18:08 # Dotenv values containing spaces must be surrounded by quotes.
# code : 0 # 17-07-01 13:18:08 # Dotenv values containing spaces must be surrounded by quotes.
# code : 0 # 17-07-01 13:18:08 # Dotenv values containing spaces must be surrounded by quotes.
# code : 0 # 17-07-01 13:18:08 # Dotenv values containing spaces must be surrounded by quotes.
# code : 0 # 17-07-01 13:18:08 # Dotenv values containing spaces must be surrounded by quotes.
# code : 0 # 17-07-01 13:18:08 # Dotenv values containing spaces must be surrounded by quotes.
# code : 0 # 17-07-01 13:18:08 # Dotenv values containing spaces must be surrounded by quotes.
# code : 0 # 17-07-01 13:18:08 # Dotenv values containing spaces must be surrounded by quotes.
# code : 0 # 17-07-01 13:18:11 # Dotenv values containing spaces must be surrounded by quotes.
# code : 0 # 17-07-01 13:18:11 # Dotenv values containing spaces must be surrounded by quotes.
# code : 0 # 17-07-01 13:18:11 # Dotenv values containing spaces must be surrounded by quotes.
# code : 0 # 17-07-01 13:18:11 # Dotenv values containing spaces must be surrounded by quotes.
# code : 0 # 17-07-01 13:18:11 # Dotenv values containing spaces must be surrounded by quotes.
# code : 0 # 17-07-01 13:18:11 # Dotenv values containing spaces must be surrounded by quotes.
# code : 0 # 17-07-01 13:18:11 # Dotenv values containing spaces must be surrounded by quotes.
# code : 0 # 17-07-01 13:18:11 # Dotenv values containing spaces must be surrounded by quotes.
# code : 0 # 17-07-01 13:18:11 # Dotenv values containing spaces must be surrounded by quotes.
# code : 0 # 17-07-01 13:18:11 # Dotenv values containing spaces must be surrounded by quotes.
# code : 0 # 17-07-01 13:18:11 # Dotenv values containing spaces must be surrounded by quotes.
# code : 0 # 17-07-01 13:18:11 # Dotenv values containing spaces must be surrounded by quotes.
# code : 0 # 17-07-01 13:18:11 # Dotenv values containing spaces must be surrounded by quotes.
# code : 0 # 17-07-01 13:18:11 # Dotenv values containing spaces must be surrounded by quotes.
# code : 0 # 17-07-01 13:18:11 # Dotenv values containing spaces must be surrounded by quotes.
# code : 0 # 17-07-01 13:18:11 # Dotenv values containing spaces must be surrounded by quotes.
# code : 0 # 17-07-01 13:18:11 # Dotenv values containing spaces must be surrounded by quotes.
# code : 0 # 17-07-01 13:20:17 # Dotenv values containing spaces must be surrounded by quotes.
# code : 0 # 17-07-01 13:20:17 # Dotenv values containing spaces must be surrounded by quotes.
# code : 0 # 17-07-01 13:20:17 # Dotenv values containing spaces must be surrounded by quotes.
# code : 0 # 17-07-01 13:20:17 # Dotenv values containing spaces must be surrounded by quotes.
# code : 0 # 17-07-01 13:20:17 # Dotenv values containing spaces must be surrounded by quotes.
# code : 0 # 17-07-01 13:20:17 # Dotenv values containing spaces must be surrounded by quotes.
# code : 0 # 17-07-01 13:20:17 # Dotenv values containing spaces must be surrounded by quotes.
# code : 0 # 17-07-01 13:20:17 # Dotenv values containing spaces must be surrounded by quotes.
# code : 0 # 17-07-01 13:20:17 # Dotenv values containing spaces must be surrounded by quotes.
# code : 0 # 17-07-01 13:20:17 # Dotenv values containing spaces must be surrounded by quotes.
# code : 0 # 17-07-01 13:20:17 # Dotenv values containing spaces must be surrounded by quotes.
# code : 0 # 17-07-01 13:20:17 # Dotenv values containing spaces must be surrounded by quotes.
# code : 0 # 17-07-01 13:20:17 # Dotenv values containing spaces must be surrounded by quotes.
# code : 0 # 17-07-01 13:20:17 # Dotenv values containing spaces must be surrounded by quotes.
# code : 0 # 17-07-01 13:20:17 # Dotenv values containing spaces must be surrounded by quotes.
# code : 0 # 17-07-01 13:20:17 # Dotenv values containing spaces must be surrounded by quotes.
# code : 0 # 17-07-01 13:20:17 # Dotenv values containing spaces must be surrounded by quotes.